<?xml version="1.0" encoding="UTF-8"?>
<testsuite xmlns:xsi="http://www.w3.org/2001/XMLSchema-instance" xsi:noNamespaceSchemaLocation="https://maven.apache.org/surefire/maven-surefire-plugin/xsd/surefire-test-report.xsd" name="com.altran.serviceimpl.test.TheaterInfoTest" time="0.002" tests="6" errors="0" skipped="0" failures="0">
  <properties>
    <property name="sun.desktop" value="windows"/>
    <property name="awt.toolkit" value="sun.awt.windows.WToolkit"/>
    <property name="file.encoding.pkg" value="sun.io"/>
    <property name="java.specification.version" value="1.8"/>
    <property name="sun.cpu.isalist" value="amd64"/>
    <property name="sun.jnu.encoding" value="Cp1252"/>
    <property name="java.class.path" value="C:\Users\gur57578\Desktop\mANDATORY\MovieTicketBooking\target\test-classes;C:\Users\gur57578\Desktop\mANDATORY\MovieTicketBooking\target\classes;C:\Users\gur57578\.m2\repository\commons-fileupload\commons-fileupload\1.4\commons-fileupload-1.4.jar;C:\Users\gur57578\.m2\repository\junit\junit\4.11\junit-4.11.jar;C:\Users\gur57578\.m2\repository\org\hamcrest\hamcrest-core\1.3\hamcrest-core-1.3.jar;C:\Users\gur57578\.m2\repository\com\sun\jersey\jersey-server\1.6\jersey-server-1.6.jar;C:\Users\gur57578\.m2\repository\asm\asm\3.1\asm-3.1.jar;C:\Users\gur57578\.m2\repository\com\sun\jersey\jersey-core\1.6\jersey-core-1.6.jar;C:\Users\gur57578\.m2\repository\com\sun\jersey\jersey-json\1.6\jersey-json-1.6.jar;C:\Users\gur57578\.m2\repository\org\codehaus\jettison\jettison\1.1\jettison-1.1.jar;C:\Users\gur57578\.m2\repository\stax\stax-api\1.0.1\stax-api-1.0.1.jar;C:\Users\gur57578\.m2\repository\com\sun\xml\bind\jaxb-impl\2.2.3-1\jaxb-impl-2.2.3-1.jar;C:\Users\gur57578\.m2\repository\javax\xml\bind\jaxb-api\2.2.2\jaxb-api-2.2.2.jar;C:\Users\gur57578\.m2\repository\javax\activation\activation\1.1\activation-1.1.jar;C:\Users\gur57578\.m2\repository\org\codehaus\jackson\jackson-core-asl\1.7.1\jackson-core-asl-1.7.1.jar;C:\Users\gur57578\.m2\repository\org\codehaus\jackson\jackson-mapper-asl\1.7.1\jackson-mapper-asl-1.7.1.jar;C:\Users\gur57578\.m2\repository\org\codehaus\jackson\jackson-jaxrs\1.7.1\jackson-jaxrs-1.7.1.jar;C:\Users\gur57578\.m2\repository\org\codehaus\jackson\jackson-xc\1.7.1\jackson-xc-1.7.1.jar;C:\Users\gur57578\.m2\repository\commons-io\commons-io\2.6\commons-io-2.6.jar;C:\Users\gur57578\.m2\repository\org\json\json\20190722\json-20190722.jar;C:\Users\gur57578\.m2\repository\com\fasterxml\jackson\core\jackson-annotations\2.0.1\jackson-annotations-2.0.1.jar;C:\Users\gur57578\.m2\repository\mysql\mysql-connector-java\8.0.19\mysql-connector-java-8.0.19.jar;C:\Users\gur57578\.m2\repository\com\google\protobuf\protobuf-java\3.6.1\protobuf-java-3.6.1.jar;C:\Users\gur57578\.m2\repository\javax\servlet\jstl\1.2\jstl-1.2.jar;C:\Users\gur57578\.m2\repository\javax\servlet\javax.servlet-api\4.0.1\javax.servlet-api-4.0.1.jar;C:\Users\gur57578\.m2\repository\org\sonarsource\sonarqube\sonar-plugin-api\6.3\sonar-plugin-api-6.3.jar;C:\Users\gur57578\.m2\repository\org\codehaus\woodstox\woodstox-core-lgpl\4.4.0\woodstox-core-lgpl-4.4.0.jar;C:\Users\gur57578\.m2\repository\javax\xml\stream\stax-api\1.0-2\stax-api-1.0-2.jar;C:\Users\gur57578\.m2\repository\org\codehaus\woodstox\stax2-api\3.1.4\stax2-api-3.1.4.jar;C:\Users\gur57578\.m2\repository\org\codehaus\staxmate\staxmate\2.0.1\staxmate-2.0.1.jar;"/>
    <property name="java.vm.vendor" value="Oracle Corporation"/>
    <property name="sun.arch.data.model" value="64"/>
    <property name="user.variant" value=""/>
    <property name="java.vendor.url" value="http://java.oracle.com/"/>
    <property name="user.timezone" value="Asia/Calcutta"/>
    <property name="java.vm.specification.version" value="1.8"/>
    <property name="os.name" value="Windows 10"/>
    <property name="user.country" value="IN"/>
    <property name="sun.java.launcher" value="SUN_STANDARD"/>
    <property name="sun.boot.library.path" value="C:\Program Files\Java\jdk1.8.0_201\jre\bin"/>
    <property name="sun.java.command" value="C:\Users\gur57578\AppData\Local\Temp\surefire3702144599884981712\surefirebooter2103751750993103075.jar C:\Users\gur57578\AppData\Local\Temp\surefire3702144599884981712 2020-02-27T16-27-56_427-jvmRun1 surefire2549013238547819927tmp surefire_08616856435257439228tmp"/>
    <property name="surefire.test.class.path" value="C:\Users\gur57578\Desktop\mANDATORY\MovieTicketBooking\target\test-classes;C:\Users\gur57578\Desktop\mANDATORY\MovieTicketBooking\target\classes;C:\Users\gur57578\.m2\repository\commons-fileupload\commons-fileupload\1.4\commons-fileupload-1.4.jar;C:\Users\gur57578\.m2\repository\junit\junit\4.11\junit-4.11.jar;C:\Users\gur57578\.m2\repository\org\hamcrest\hamcrest-core\1.3\hamcrest-core-1.3.jar;C:\Users\gur57578\.m2\repository\com\sun\jersey\jersey-server\1.6\jersey-server-1.6.jar;C:\Users\gur57578\.m2\repository\asm\asm\3.1\asm-3.1.jar;C:\Users\gur57578\.m2\repository\com\sun\jersey\jersey-core\1.6\jersey-core-1.6.jar;C:\Users\gur57578\.m2\repository\com\sun\jersey\jersey-json\1.6\jersey-json-1.6.jar;C:\Users\gur57578\.m2\repository\org\codehaus\jettison\jettison\1.1\jettison-1.1.jar;C:\Users\gur57578\.m2\repository\stax\stax-api\1.0.1\stax-api-1.0.1.jar;C:\Users\gur57578\.m2\repository\com\sun\xml\bind\jaxb-impl\2.2.3-1\jaxb-impl-2.2.3-1.jar;C:\Users\gur57578\.m2\repository\javax\xml\bind\jaxb-api\2.2.2\jaxb-api-2.2.2.jar;C:\Users\gur57578\.m2\repository\javax\activation\activation\1.1\activation-1.1.jar;C:\Users\gur57578\.m2\repository\org\codehaus\jackson\jackson-core-asl\1.7.1\jackson-core-asl-1.7.1.jar;C:\Users\gur57578\.m2\repository\org\codehaus\jackson\jackson-mapper-asl\1.7.1\jackson-mapper-asl-1.7.1.jar;C:\Users\gur57578\.m2\repository\org\codehaus\jackson\jackson-jaxrs\1.7.1\jackson-jaxrs-1.7.1.jar;C:\Users\gur57578\.m2\repository\org\codehaus\jackson\jackson-xc\1.7.1\jackson-xc-1.7.1.jar;C:\Users\gur57578\.m2\repository\commons-io\commons-io\2.6\commons-io-2.6.jar;C:\Users\gur57578\.m2\repository\org\json\json\20190722\json-20190722.jar;C:\Users\gur57578\.m2\repository\com\fasterxml\jackson\core\jackson-annotations\2.0.1\jackson-annotations-2.0.1.jar;C:\Users\gur57578\.m2\repository\mysql\mysql-connector-java\8.0.19\mysql-connector-java-8.0.19.jar;C:\Users\gur57578\.m2\repository\com\google\protobuf\protobuf-java\3.6.1\protobuf-java-3.6.1.jar;C:\Users\gur57578\.m2\repository\javax\servlet\jstl\1.2\jstl-1.2.jar;C:\Users\gur57578\.m2\repository\javax\servlet\javax.servlet-api\4.0.1\javax.servlet-api-4.0.1.jar;C:\Users\gur57578\.m2\repository\org\sonarsource\sonarqube\sonar-plugin-api\6.3\sonar-plugin-api-6.3.jar;C:\Users\gur57578\.m2\repository\org\codehaus\woodstox\woodstox-core-lgpl\4.4.0\woodstox-core-lgpl-4.4.0.jar;C:\Users\gur57578\.m2\repository\javax\xml\stream\stax-api\1.0-2\stax-api-1.0-2.jar;C:\Users\gur57578\.m2\repository\org\codehaus\woodstox\stax2-api\3.1.4\stax2-api-3.1.4.jar;C:\Users\gur57578\.m2\repository\org\codehaus\staxmate\staxmate\2.0.1\staxmate-2.0.1.jar;"/>
    <property name="sun.cpu.endian" value="little"/>
    <property name="user.home" value="C:\Users\gur57578"/>
    <property name="user.language" value="en"/>
    <property name="java.specification.vendor" value="Oracle Corporation"/>
    <property name="java.home" value="C:\Program Files\Java\jdk1.8.0_201\jre"/>
    <property name="basedir" value="C:\Users\gur57578\Desktop\mANDATORY\MovieTicketBooking"/>
    <property name="file.separator" value="\"/>
    <property name="line.separator" value="&#10;"/>
    <property name="java.vm.specification.vendor" value="Oracle Corporation"/>
    <property name="java.specification.name" value="Java Platform API Specification"/>
    <property name="java.awt.graphicsenv" value="sun.awt.Win32GraphicsEnvironment"/>
    <property name="surefire.real.class.path" value="C:\Users\gur57578\AppData\Local\Temp\surefire3702144599884981712\surefirebooter2103751750993103075.jar"/>
    <property name="sun.boot.class.path" value="C:\Program Files\Java\jdk1.8.0_201\jre\lib\resources.jar;C:\Program Files\Java\jdk1.8.0_201\jre\lib\rt.jar;C:\Program Files\Java\jdk1.8.0_201\jre\lib\sunrsasign.jar;C:\Program Files\Java\jdk1.8.0_201\jre\lib\jsse.jar;C:\Program Files\Java\jdk1.8.0_201\jre\lib\jce.jar;C:\Program Files\Java\jdk1.8.0_201\jre\lib\charsets.jar;C:\Program Files\Java\jdk1.8.0_201\jre\lib\jfr.jar;C:\Program Files\Java\jdk1.8.0_201\jre\classes"/>
    <property name="user.script" value=""/>
    <property name="sun.management.compiler" value="HotSpot 64-Bit Tiered Compilers"/>
    <property name="java.runtime.version" value="1.8.0_201-b09"/>
    <property name="user.name" value="GUR57578"/>
    <property name="path.separator" value=";"/>
    <property name="os.version" value="10.0"/>
    <property name="java.endorsed.dirs" value="C:\Program Files\Java\jdk1.8.0_201\jre\lib\endorsed"/>
    <property name="java.runtime.name" value="Java(TM) SE Runtime Environment"/>
    <property name="file.encoding" value="Cp1252"/>
    <property name="java.vm.name" value="Java HotSpot(TM) 64-Bit Server VM"/>
    <property name="localRepository" value="C:\Users\gur57578\.m2\repository"/>
    <property name="java.vendor.url.bug" value="http://bugreport.sun.com/bugreport/"/>
    <property name="java.io.tmpdir" value="C:\Users\gur57578\AppData\Local\Temp\"/>
    <property name="java.version" value="1.8.0_201"/>
    <property name="user.dir" value="C:\Users\gur57578\Desktop\mANDATORY\MovieTicketBooking"/>
    <property name="os.arch" value="amd64"/>
    <property name="java.vm.specification.name" value="Java Virtual Machine Specification"/>
    <property name="java.awt.printerjob" value="sun.awt.windows.WPrinterJob"/>
    <property name="sun.os.patch.level" value=""/>
    <property name="java.library.path" value="C:\Program Files\Java\jdk1.8.0_201\jre\bin;C:\Windows\Sun\Java\bin;C:\Windows\system32;C:\Windows;C:/Program Files/Java/jre1.8.0_201/bin/server;C:/Program Files/Java/jre1.8.0_201/bin;C:/Program Files/Java/jre1.8.0_201/lib/amd64;C:\Program Files\Common Files\Microsoft Shared\Microsoft Online Services;C:\Program Files (x86)\Common Files\Microsoft Shared\Microsoft Online Services;C:\Program Files (x86)\Common Files\Oracle\Java\javapath;C:\Windows\system32;C:\Windows;C:\Windows\System32\Wbem;C:\Windows\System32\WindowsPowerShell\v1.0\;C:\Windows\System32\OpenSSH\;C:\Program Files\PuTTY\;C:\Windows\CCM;C:\Windows\CCM;C:\Windows\CCM;C:\Windows\CCM;C:\Windows\CCM;C:\Program Files\Java\jre1.8.0_201\bin;C:\Program Files\Java\jdk1.8.0_201\bin;C:\Program Files\Citrix\System32\;C:\Program Files\Citrix\ICAService\;C:\Users\gur57578\AppData\Local\Microsoft\WindowsApps;C:\Users\gur57578\AppData\Local\Programs\Git\cmd;D:\eclipse;;."/>
    <property name="java.vm.info" value="mixed mode"/>
    <property name="java.vendor" value="Oracle Corporation"/>
    <property name="java.vm.version" value="25.201-b09"/>
    <property name="java.ext.dirs" value="C:\Program Files\Java\jdk1.8.0_201\jre\lib\ext;C:\Windows\Sun\Java\lib\ext"/>
    <property name="sun.io.unicode.encoding" value="UnicodeLittle"/>
    <property name="java.class.version" value="52.0"/>
  </properties>
  <testcase name="testGetTheater" classname="com.altran.serviceimpl.test.TheaterInfoTest" time="0"/>
  <testcase name="testUpdateTheater" classname="com.altran.serviceimpl.test.TheaterInfoTest" time="0"/>
  <testcase name="testGetTheaterList" classname="com.altran.serviceimpl.test.TheaterInfoTest" time="0"/>
  <testcase name="testAddTheater" classname="com.altran.serviceimpl.test.TheaterInfoTest" time="0"/>
  <testcase name="testGetTheaterIndividual" classname="com.altran.serviceimpl.test.TheaterInfoTest" time="0"/>
  <testcase name="testDeleteTheater" classname="com.altran.serviceimpl.test.TheaterInfoTest" time="0"/>
</testsuite>